\BOOKMARK [1][-]{section.1}{\376\377\000I\000n\000t\000r\000o\000d\000u\000c\000t\000i\000o\000n}{}% 1
\BOOKMARK [1][-]{section.2}{\376\377\000F\000r\000a\000m\000e\000w\000o\000r\000k\000\040\000a\000n\000d\000\040\000A\000s\000s\000u\000m\000p\000t\000i\000o\000n\000s}{}% 2
\BOOKMARK [2][-]{subsection.2.1}{\376\377\000T\000y\000p\000e\000\040\000I\000I\000B\000\040\000C\000o\000m\000p\000a\000c\000t\000i\000f\000i\000c\000a\000t\000i\000o\000n\000\040\000S\000e\000t\000u\000p}{section.2}% 3
\BOOKMARK [2][-]{subsection.2.2}{\376\377\000D\0007\000-\000B\000r\000a\000n\000e\000\040\000C\000o\000n\000f\000i\000g\000u\000r\000a\000t\000i\000o\000n}{section.2}% 4
\BOOKMARK [2][-]{subsection.2.3}{\376\377\000T\000o\000p\000o\000l\000o\000g\000i\000c\000a\000l\000\040\000I\000n\000v\000a\000r\000i\000a\000n\000t\000s}{section.2}% 5
\BOOKMARK [2][-]{subsection.2.4}{\376\377\000M\000o\000d\000u\000l\000i\000\040\000S\000t\000a\000b\000i\000l\000i\000z\000a\000t\000i\000o\000n}{section.2}% 6
\BOOKMARK [2][-]{subsection.2.5}{\376\377\000P\000a\000r\000a\000m\000e\000t\000e\000r\000\040\000V\000a\000l\000u\000e\000s\000\040\000a\000n\000d\000\040\000V\000a\000l\000i\000d\000\040\000R\000e\000g\000i\000o\000n}{section.2}% 7
\BOOKMARK [2][-]{subsection.2.6}{\376\377\000E\000x\000p\000l\000i\000c\000i\000t\000\040\000S\000t\000a\000t\000e\000m\000e\000n\000t\000\040\000o\000f\000\040\000A\000s\000s\000u\000m\000p\000t\000i\000o\000n\000s}{section.2}% 8
\BOOKMARK [2][-]{subsection.2.7}{\376\377\000I\000n\000p\000u\000t\000/\000O\000u\000t\000p\000u\000t\000\040\000C\000l\000a\000s\000s\000i\000f\000i\000c\000a\000t\000i\000o\000n}{section.2}% 9
\BOOKMARK [1][-]{section.3}{\376\377\000C\000a\000l\000c\000u\000l\000a\000t\000i\000o\000n\000\040\000M\000e\000t\000h\000o\000d\000o\000l\000o\000g\000y}{}% 10
\BOOKMARK [2][-]{subsection.3.1}{\376\377\000C\000h\000e\000r\000n\040\023\000S\000i\000m\000o\000n\000s\000\040\000A\000c\000t\000i\000o\000n\000\040\000a\000n\000d\000\040\000Y\000u\000k\000a\000w\000a\000\040\000C\000o\000u\000p\000l\000i\000n\000g\000s}{section.3}% 11
\BOOKMARK [2][-]{subsection.3.2}{\376\377\000D\000i\000m\000e\000n\000s\000i\000o\000n\000a\000l\000\040\000R\000e\000d\000u\000c\000t\000i\000o\000n\000\040\000t\000o\000\040\000F\000o\000u\000r\000\040\000D\000i\000m\000e\000n\000s\000i\000o\000n\000s}{section.3}% 12
\BOOKMARK [2][-]{subsection.3.3}{\376\377\000T\000h\000e\000\040\000c\0006\000/\000c\0004\000\040\000R\000a\000t\000i\000o\000\040\000a\000n\000d\000\040\000T\000o\000p\000o\000l\000o\000g\000i\000c\000a\000l\000\040\000D\000o\000m\000i\000n\000a\000n\000c\000e}{section.3}% 13
\BOOKMARK [2][-]{subsection.3.4}{\376\377\000M\000o\000d\000u\000l\000a\000r\000\040\000F\000o\000r\000m\000\040\000D\000e\000p\000e\000n\000d\000e\000n\000c\000e\000\040\000a\000n\000d\000\040\000F\000l\000a\000v\000o\000r\000\040\000S\000t\000r\000u\000c\000t\000u\000r\000e}{section.3}% 14
\BOOKMARK [2][-]{subsection.3.5}{\376\377\000N\000e\000u\000t\000r\000i\000n\000o\000\040\000M\000a\000s\000s\000\040\000G\000e\000n\000e\000r\000a\000t\000i\000o\000n\000\040\000v\000i\000a\000\040\000T\000y\000p\000e\000-\000I\000\040\000S\000e\000e\000s\000a\000w}{section.3}% 15
\BOOKMARK [2][-]{subsection.3.6}{\376\377\000O\000p\000e\000r\000a\000t\000o\000r\000\040\000B\000a\000s\000i\000s\000\040\000C\000o\000n\000s\000i\000s\000t\000e\000n\000c\000y\000:\000\040\000c\0002\000F\000\040\000R\000e\000s\000o\000l\000u\000t\000i\000o\000n}{section.3}% 16
\BOOKMARK [2][-]{subsection.3.7}{\376\377\000S\000y\000s\000t\000e\000m\000a\000t\000i\000c\000\040\000C\000o\000r\000r\000e\000c\000t\000i\000o\000n\000s\000\040\000a\000n\000d\000\040\000U\000n\000c\000e\000r\000t\000a\000i\000n\000t\000i\000e\000s}{section.3}% 17
\BOOKMARK [2][-]{subsection.3.8}{\376\377\000C\000o\000m\000p\000u\000t\000a\000t\000i\000o\000n\000a\000l\000\040\000I\000m\000p\000l\000e\000m\000e\000n\000t\000a\000t\000i\000o\000n}{section.3}% 18
\BOOKMARK [1][-]{section.4}{\376\377\000R\000e\000s\000u\000l\000t\000s\000\040\000a\000n\000d\000\040\000C\000o\000m\000p\000a\000r\000i\000s\000o\000n\000\040\000w\000i\000t\000h\000\040\000D\000a\000t\000a}{}% 19
\BOOKMARK [2][-]{subsection.4.1}{\376\377\000Q\000u\000a\000r\000k\000\040\000S\000e\000c\000t\000o\000r}{section.4}% 20
\BOOKMARK [2][-]{subsection.4.2}{\376\377\000C\000h\000a\000r\000g\000e\000d\000\040\000L\000e\000p\000t\000o\000n\000\040\000S\000e\000c\000t\000o\000r}{section.4}% 21
\BOOKMARK [2][-]{subsection.4.3}{\376\377\000C\000K\000M\000\040\000Q\000u\000a\000r\000k\000\040\000M\000i\000x\000i\000n\000g\000\040\000M\000a\000t\000r\000i\000x}{section.4}% 22
\BOOKMARK [2][-]{subsection.4.4}{\376\377\000N\000e\000u\000t\000r\000i\000n\000o\000\040\000S\000e\000c\000t\000o\000r}{section.4}% 23
\BOOKMARK [2][-]{subsection.4.5}{\376\377\000P\000M\000N\000S\000\040\000N\000e\000u\000t\000r\000i\000n\000o\000\040\000M\000i\000x\000i\000n\000g\000\040\000M\000a\000t\000r\000i\000x}{section.4}% 24
\BOOKMARK [2][-]{subsection.4.6}{\376\377\000S\000t\000a\000t\000i\000s\000t\000i\000c\000a\000l\000\040\000S\000u\000m\000m\000a\000r\000y}{section.4}% 25
\BOOKMARK [2][-]{subsection.4.7}{\376\377\000D\000e\000v\000i\000a\000t\000i\000o\000n\000\040\000A\000n\000a\000l\000y\000s\000i\000s}{section.4}% 26
\BOOKMARK [2][-]{subsection.4.8}{\376\377\000R\000o\000b\000u\000s\000t\000n\000e\000s\000s\000:\000\040\000M\000o\000d\000u\000l\000i\000\040\000V\000a\000r\000i\000a\000t\000i\000o\000n}{section.4}% 27
\BOOKMARK [2][-]{subsection.4.9}{\376\377\000C\000o\000m\000p\000a\000r\000i\000s\000o\000n\000\040\000w\000i\000t\000h\000\040\000O\000t\000h\000e\000r\000\040\000A\000p\000p\000r\000o\000a\000c\000h\000e\000s}{section.4}% 28
\BOOKMARK [2][-]{subsection.4.10}{\376\377\000K\000e\000y\000\040\000T\000a\000k\000e\000a\000w\000a\000y\000s}{section.4}% 29
\BOOKMARK [1][-]{section.5}{\376\377\000T\000e\000s\000t\000a\000b\000l\000e\000\040\000P\000r\000e\000d\000i\000c\000t\000i\000o\000n\000s\000\040\000a\000n\000d\000\040\000F\000a\000l\000s\000i\000f\000i\000a\000b\000i\000l\000i\000t\000y}{}% 30
\BOOKMARK [2][-]{subsection.5.1}{\376\377\000N\000e\000u\000t\000r\000i\000n\000o\000l\000e\000s\000s\000\040\000D\000o\000u\000b\000l\000e\000-\000B\000e\000t\000a\000\040\000D\000e\000c\000a\000y}{section.5}% 31
\BOOKMARK [3][-]{subsubsection.5.1.1}{\376\377\000T\000h\000e\000o\000r\000e\000t\000i\000c\000a\000l\000\040\000P\000r\000e\000d\000i\000c\000t\000i\000o\000n}{subsection.5.1}% 32
\BOOKMARK [3][-]{subsubsection.5.1.2}{\376\377\000E\000x\000p\000e\000r\000i\000m\000e\000n\000t\000a\000l\000\040\000S\000t\000a\000t\000u\000s\000\040\000a\000n\000d\000\040\000T\000i\000m\000e\000l\000i\000n\000e}{subsection.5.1}% 33
\BOOKMARK [2][-]{subsection.5.2}{\376\377\000N\000e\000u\000t\000r\000i\000n\000o\000\040\000C\000P\000\040\000V\000i\000o\000l\000a\000t\000i\000o\000n\000\040\000P\000h\000a\000s\000e}{section.5}% 34
\BOOKMARK [3][-]{subsubsection.5.2.1}{\376\377\000T\000h\000e\000o\000r\000e\000t\000i\000c\000a\000l\000\040\000P\000r\000e\000d\000i\000c\000t\000i\000o\000n}{subsection.5.2}% 35
\BOOKMARK [3][-]{subsubsection.5.2.2}{\376\377\000E\000x\000p\000e\000r\000i\000m\000e\000n\000t\000a\000l\000\040\000S\000t\000a\000t\000u\000s\000\040\000a\000n\000d\000\040\000T\000i\000m\000e\000l\000i\000n\000e}{subsection.5.2}% 36
\BOOKMARK [2][-]{subsection.5.3}{\376\377\000S\000u\000m\000\040\000o\000f\000\040\000N\000e\000u\000t\000r\000i\000n\000o\000\040\000M\000a\000s\000s\000e\000s\000\040\000f\000r\000o\000m\000\040\000C\000o\000s\000m\000o\000l\000o\000g\000y}{section.5}% 37
\BOOKMARK [3][-]{subsubsection.5.3.1}{\376\377\000T\000h\000e\000o\000r\000e\000t\000i\000c\000a\000l\000\040\000P\000r\000e\000d\000i\000c\000t\000i\000o\000n}{subsection.5.3}% 38
\BOOKMARK [3][-]{subsubsection.5.3.2}{\376\377\000E\000x\000p\000e\000r\000i\000m\000e\000n\000t\000a\000l\000\040\000S\000t\000a\000t\000u\000s\000\040\000a\000n\000d\000\040\000T\000i\000m\000e\000l\000i\000n\000e}{subsection.5.3}% 39
\BOOKMARK [2][-]{subsection.5.4}{\376\377\000S\000u\000m\000m\000a\000r\000y\000:\000\040\000T\000h\000r\000e\000e\000\040\000I\000n\000d\000e\000p\000e\000n\000d\000e\000n\000t\000\040\000T\000e\000s\000t\000s\000\040\000b\000y\000\040\0002\0000\0003\0000}{section.5}% 40
\BOOKMARK [2][-]{subsection.5.5}{\376\377\000F\000a\000l\000s\000i\000f\000i\000a\000b\000i\000l\000i\000t\000y\000:\000\040\000H\000o\000w\000\040\000t\000o\000\040\000K\000i\000l\000l\000\040\000T\000h\000i\000s\000\040\000T\000h\000e\000o\000r\000y}{section.5}% 41
\BOOKMARK [2][-]{subsection.5.6}{\376\377\000I\000m\000p\000l\000i\000c\000a\000t\000i\000o\000n\000s\000\040\000o\000f\000\040\000C\000o\000n\000f\000i\000r\000m\000a\000t\000i\000o\000n}{section.5}% 42
\BOOKMARK [2][-]{subsection.5.7}{\376\377\000T\000i\000m\000e\000l\000i\000n\000e\000\040\000f\000o\000r\000\040\000V\000e\000r\000d\000i\000c\000t}{section.5}% 43
\BOOKMARK [1][-]{section.6}{\376\377\000D\000i\000s\000c\000u\000s\000s\000i\000o\000n\000:\000\040\000R\000o\000b\000u\000s\000t\000n\000e\000s\000s\000,\000\040\000L\000i\000m\000i\000t\000a\000t\000i\000o\000n\000s\000,\000\040\000a\000n\000d\000\040\000M\000o\000d\000e\000l\000\040\000D\000e\000p\000e\000n\000d\000e\000n\000c\000e}{}% 44
\BOOKMARK [2][-]{subsection.6.1}{\376\377\000R\000o\000b\000u\000s\000t\000n\000e\000s\000s\000\040\000t\000o\000\040\000M\000o\000d\000u\000l\000i\000\040\000V\000a\000r\000i\000a\000t\000i\000o\000n\000s}{section.6}% 45
\BOOKMARK [2][-]{subsection.6.2}{\376\377\000A\000l\000t\000e\000r\000n\000a\000t\000i\000v\000e\000\040\000F\000l\000u\000x\000\040\000S\000t\000a\000b\000i\000l\000i\000z\000a\000t\000i\000o\000n\000\040\000M\000e\000c\000h\000a\000n\000i\000s\000m\000s}{section.6}% 46
\BOOKMARK [2][-]{subsection.6.3}{\376\377\000D\000e\000p\000e\000n\000d\000e\000n\000c\000e\000\040\000o\000n\000\040\000C\000a\000l\000a\000b\000i\040\023\000Y\000a\000u\000\040\000G\000e\000o\000m\000e\000t\000r\000y}{section.6}% 47
\BOOKMARK [2][-]{subsection.6.4}{\376\377\000W\000h\000a\000t\000\040\000t\000h\000e\000\040\000F\000r\000a\000m\000e\000w\000o\000r\000k\000\040\000D\000o\000e\000s\000\040\000N\000o\000t\000\040\000E\000x\000p\000l\000a\000i\000n}{section.6}% 48
\BOOKMARK [2][-]{subsection.6.5}{\376\377\000C\000o\000m\000p\000a\000r\000i\000s\000o\000n\000\040\000w\000i\000t\000h\000\040\000O\000t\000h\000e\000r\000\040\000S\000t\000r\000i\000n\000g\000\040\000A\000p\000p\000r\000o\000a\000c\000h\000e\000s}{section.6}% 49
\BOOKMARK [2][-]{subsection.6.6}{\376\377\000O\000p\000e\000n\000\040\000Q\000u\000e\000s\000t\000i\000o\000n\000s\000\040\000a\000n\000d\000\040\000F\000u\000t\000u\000r\000e\000\040\000D\000i\000r\000e\000c\000t\000i\000o\000n\000s}{section.6}% 50
\BOOKMARK [2][-]{subsection.6.7}{\376\377\000S\000u\000m\000m\000a\000r\000y\000\040\000o\000f\000\040\000R\000o\000b\000u\000s\000t\000n\000e\000s\000s}{section.6}% 51
\BOOKMARK [1][-]{section.7}{\376\377\000C\000o\000n\000c\000l\000u\000s\000i\000o\000n\000s}{}% 52
\BOOKMARK [2][-]{subsection.7.1}{\376\377\000K\000e\000y\000\040\000A\000c\000h\000i\000e\000v\000e\000m\000e\000n\000t\000s}{section.7}% 53
\BOOKMARK [2][-]{subsection.7.2}{\376\377\000B\000r\000o\000a\000d\000e\000r\000\040\000I\000m\000p\000l\000i\000c\000a\000t\000i\000o\000n\000s}{section.7}% 54
\BOOKMARK [2][-]{subsection.7.3}{\376\377\000L\000i\000m\000i\000t\000a\000t\000i\000o\000n\000s\000\040\000a\000n\000d\000\040\000O\000p\000e\000n\000\040\000Q\000u\000e\000s\000t\000i\000o\000n\000s}{section.7}% 55
\BOOKMARK [2][-]{subsection.7.4}{\376\377\000E\000x\000p\000e\000r\000i\000m\000e\000n\000t\000a\000l\000\040\000O\000u\000t\000l\000o\000o\000k}{section.7}% 56
\BOOKMARK [2][-]{subsection.7.5}{\376\377\000P\000h\000i\000l\000o\000s\000o\000p\000h\000i\000c\000a\000l\000\040\000R\000e\000f\000l\000e\000c\000t\000i\000o\000n}{section.7}% 57
\BOOKMARK [2][-]{subsection.7.6}{\376\377\000F\000i\000n\000a\000l\000\040\000R\000e\000m\000a\000r\000k\000s}{section.7}% 58
\BOOKMARK [1][-]{appendix.A}{\376\377\000C\000o\000m\000p\000l\000e\000t\000e\000\040\000Y\000u\000k\000a\000w\000a\000\040\000C\000o\000u\000p\000l\000i\000n\000g\000\040\000D\000e\000r\000i\000v\000a\000t\000i\000o\000n}{}% 59
\BOOKMARK [2][-]{subsection.A.1}{\376\377\000C\000h\000e\000r\000n\040\023\000S\000i\000m\000o\000n\000s\000\040\000A\000c\000t\000i\000o\000n\000\040\000a\000n\000d\000\040\000D\000i\000m\000e\000n\000s\000i\000o\000n\000a\000l\000\040\000R\000e\000d\000u\000c\000t\000i\000o\000n}{appendix.A}% 60
\BOOKMARK [2][-]{subsection.A.2}{\376\377\000E\000x\000p\000l\000i\000c\000i\000t\000\040\000C\000a\000l\000c\000u\000l\000a\000t\000i\000o\000n\000\040\000f\000o\000r\000\040\000P\0001\0001\0002\0002\0006\000[\0001\0002\000]}{appendix.A}% 61
\BOOKMARK [2][-]{subsection.A.3}{\376\377\000H\000i\000e\000r\000a\000r\000c\000h\000i\000e\000s\000\040\000f\000r\000o\000m\000\040\000C\000h\000e\000r\000n\000\040\000C\000l\000a\000s\000s\000\040\000R\000a\000t\000i\000o\000s}{appendix.A}% 62
\BOOKMARK [2][-]{subsection.A.4}{\376\377\000N\000e\000u\000t\000r\000i\000n\000o\000\040\000Y\000u\000k\000a\000w\000a\000s\000\040\000a\000n\000d\000\040\000S\000e\000e\000s\000a\000w\000\040\000F\000o\000r\000m\000u\000l\000a}{appendix.A}% 63
\BOOKMARK [2][-]{subsection.A.5}{\376\377\000K\000\344\000h\000l\000e\000r\000\040\000C\000o\000r\000r\000e\000c\000t\000i\000o\000n\000s\000\040\000a\000n\000d\000\040\000H\000i\000g\000h\000e\000r\000-\000O\000r\000d\000e\000r\000\040\000T\000e\000r\000m\000s}{appendix.A}% 64
\BOOKMARK [2][-]{subsection.A.6}{\376\377\000S\000u\000m\000m\000a\000r\000y\000\040\000o\000f\000\040\000Y\000u\000k\000a\000w\000a\000\040\000C\000a\000l\000c\000u\000l\000a\000t\000i\000o\000n}{appendix.A}% 65
\BOOKMARK [1][-]{appendix.B}{\376\377\000O\000p\000e\000r\000a\000t\000o\000r\000\040\000B\000a\000s\000i\000s\000\040\000A\000n\000a\000l\000y\000s\000i\000s\000\040\000a\000n\000d\000\040\000C\000h\000e\000r\000n\000\040\000C\000l\000a\000s\000s\000\040\000D\000o\000m\000i\000n\000a\000n\000c\000e}{}% 66
\BOOKMARK [2][-]{subsection.B.1}{\376\377\000C\000o\000m\000p\000l\000e\000t\000e\000\040\000O\000p\000e\000r\000a\000t\000o\000r\000\040\000C\000l\000a\000s\000s\000i\000f\000i\000c\000a\000t\000i\000o\000n}{appendix.B}% 67
\BOOKMARK [2][-]{subsection.B.2}{\376\377\000L\000e\000a\000d\000i\000n\000g\000-\000O\000r\000d\000e\000r\000\040\000O\000p\000e\000r\000a\000t\000o\000r\000s}{appendix.B}% 68
\BOOKMARK [2][-]{subsection.B.3}{\376\377\000R\000e\000l\000a\000t\000i\000v\000e\000\040\000M\000a\000g\000n\000i\000t\000u\000d\000e\000s\000\040\000a\000n\000d\000\040\000D\000o\000m\000i\000n\000a\000n\000c\000e}{appendix.B}% 69
\BOOKMARK [2][-]{subsection.B.4}{\376\377\000P\000r\000o\000o\000f\000\040\000o\000f\000\040\000T\000h\000e\000o\000r\000e\000m\000\040\000?\000?}{appendix.B}% 70
\BOOKMARK [2][-]{subsection.B.5}{\376\377\000N\000u\000m\000e\000r\000i\000c\000a\000l\000\040\000V\000e\000r\000i\000f\000i\000c\000a\000t\000i\000o\000n}{appendix.B}% 71
\BOOKMARK [2][-]{subsection.B.6}{\376\377\000I\000m\000p\000l\000i\000c\000a\000t\000i\000o\000n\000s\000\040\000f\000o\000r\000\040\000H\000i\000e\000r\000a\000r\000c\000h\000i\000e\000s}{appendix.B}% 72
\BOOKMARK [2][-]{subsection.B.7}{\376\377\000C\000o\000m\000p\000a\000r\000i\000s\000o\000n\000\040\000w\000i\000t\000h\000\040\000A\000l\000t\000e\000r\000n\000a\000t\000i\000v\000e\000\040\000A\000p\000p\000r\000o\000a\000c\000h\000e\000s}{appendix.B}% 73
\BOOKMARK [2][-]{subsection.B.8}{\376\377\000S\000u\000m\000m\000a\000r\000y}{appendix.B}% 74
\BOOKMARK [1][-]{appendix.C}{\376\377\000K\000K\000L\000T\000\040\000M\000o\000d\000u\000l\000i\000\040\000S\000t\000a\000b\000i\000l\000i\000z\000a\000t\000i\000o\000n\000\040\000a\000n\000d\000\040\000U\000n\000c\000e\000r\000t\000a\000i\000n\000t\000y\000\040\000B\000u\000d\000g\000e\000t}{}% 75
\BOOKMARK [2][-]{subsection.C.1}{\376\377\000K\000K\000L\000T\000\040\000S\000t\000a\000b\000i\000l\000i\000z\000a\000t\000i\000o\000n\000\040\000M\000e\000c\000h\000a\000n\000i\000s\000m}{appendix.C}% 76
\BOOKMARK [2][-]{subsection.C.2}{\376\377\000F\000l\000u\000x\000\040\000C\000h\000o\000i\000c\000e\000\040\000a\000n\000d\000\040\000T\000a\000d\000p\000o\000l\000e\000\040\000C\000o\000n\000s\000t\000r\000a\000i\000n\000t\000s}{appendix.C}% 77
\BOOKMARK [2][-]{subsection.C.3}{\376\377\000Q\000u\000a\000n\000t\000u\000m\000\040\000F\000l\000u\000c\000t\000u\000a\000t\000i\000o\000n\000s\000\040\000a\000n\000d\000\040\000U\000n\000c\000e\000r\000t\000a\000i\000n\000t\000y\000\040\000B\000u\000d\000g\000e\000t}{appendix.C}% 78
\BOOKMARK [2][-]{subsection.C.4}{\376\377\000P\000r\000o\000p\000a\000g\000a\000t\000i\000o\000n\000\040\000t\000o\000\040\000F\000l\000a\000v\000o\000r\000\040\000O\000b\000s\000e\000r\000v\000a\000b\000l\000e\000s}{appendix.C}% 79
\BOOKMARK [2][-]{subsection.C.5}{\376\377\000C\000o\000m\000p\000a\000r\000i\000s\000o\000n\000\040\000w\000i\000t\000h\000\040\000L\000a\000r\000g\000e\000-\000V\000o\000l\000u\000m\000e\000\040\000S\000c\000e\000n\000a\000r\000i\000o\000s}{appendix.C}% 80
\BOOKMARK [2][-]{subsection.C.6}{\376\377\000A\000n\000t\000h\000r\000o\000p\000i\000c\000\040\000C\000o\000n\000s\000i\000d\000e\000r\000a\000t\000i\000o\000n\000s}{appendix.C}% 81
\BOOKMARK [2][-]{subsection.C.7}{\376\377\000S\000u\000m\000m\000a\000r\000y\000\040\000o\000f\000\040\000U\000n\000c\000e\000r\000t\000a\000i\000n\000t\000y\000\040\000A\000n\000a\000l\000y\000s\000i\000s}{appendix.C}% 82
\BOOKMARK [1][-]{appendix.D}{\376\377\000A\000l\000t\000e\000r\000n\000a\000t\000i\000v\000e\000\040\000W\000r\000a\000p\000p\000i\000n\000g\000\040\000C\000o\000n\000f\000i\000g\000u\000r\000a\000t\000i\000o\000n\000s\000\040\000a\000n\000d\000\040\000C\000h\000i\000r\000a\000l\000i\000t\000y\000\040\000S\000c\000a\000n}{}% 83
\BOOKMARK [2][-]{subsection.D.1}{\376\377\000C\000l\000a\000s\000s\000i\000f\000i\000c\000a\000t\000i\000o\000n\000\040\000o\000f\000\040\000W\000r\000a\000p\000p\000i\000n\000g\000\040\000N\000u\000m\000b\000e\000r\000s}{appendix.D}% 84
\BOOKMARK [2][-]{subsection.D.2}{\376\377\000S\000y\000s\000t\000e\000m\000a\000t\000i\000c\000\040\000S\000c\000a\000n\000\040\000O\000v\000e\000r\000\040\000W\000r\000a\000p\000p\000i\000n\000g\000\040\000N\000u\000m\000b\000e\000r\000s}{appendix.D}% 85
\BOOKMARK [2][-]{subsection.D.3}{\376\377\000C\000h\000i\000r\000a\000l\000i\000t\000y\000\040\000a\000s\000\040\000a\000\040\000S\000e\000l\000e\000c\000t\000i\000o\000n\000\040\000C\000r\000i\000t\000e\000r\000i\000o\000n}{appendix.D}% 86
\BOOKMARK [2][-]{subsection.D.4}{\376\377\000F\000l\000a\000v\000o\000r\000\040\000S\000t\000r\000u\000c\000t\000u\000r\000e\000\040\000f\000o\000r\000\040\000A\000l\000t\000e\000r\000n\000a\000t\000i\000v\000e\000\040\000W\000r\000a\000p\000p\000i\000n\000g\000s}{appendix.D}% 87
\BOOKMARK [2][-]{subsection.D.5}{\376\377\000M\000o\000d\000u\000l\000i\000\040\000D\000e\000p\000e\000n\000d\000e\000n\000c\000e\000\040\000f\000o\000r\000\040\000D\000i\000f\000f\000e\000r\000e\000n\000t\000\040\000W\000r\000a\000p\000p\000i\000n\000g\000s}{appendix.D}% 88
\BOOKMARK [2][-]{subsection.D.6}{\376\377\000C\000o\000n\000n\000e\000c\000t\000i\000o\000n\000\040\000t\000o\000\040\000F\000-\000t\000h\000e\000o\000r\000y\000\040\000G\000U\000T\000\040\000M\000o\000d\000e\000l\000s}{appendix.D}% 89
\BOOKMARK [2][-]{subsection.D.7}{\376\377\000S\000u\000m\000m\000a\000r\000y\000\040\000o\000f\000\040\000W\000r\000a\000p\000p\000i\000n\000g\000\040\000S\000c\000a\000n}{appendix.D}% 90
\BOOKMARK [1][-]{appendix.E}{\376\377\000M\000o\000d\000u\000l\000a\000r\000\040\000F\000o\000r\000m\000s\000\040\000a\000n\000d\000\040\000W\000a\000v\000e\000\040\000F\000u\000n\000c\000t\000i\000o\000n\000\040\000C\000a\000l\000c\000u\000l\000a\000t\000i\000o\000n}{}% 91
\BOOKMARK [2][-]{subsection.E.1}{\376\377\000M\000o\000d\000u\000l\000a\000r\000\040\000T\000r\000a\000n\000s\000f\000o\000r\000m\000a\000t\000i\000o\000n\000s\000\040\000a\000n\000d\000\040\000S\000t\000r\000i\000n\000g\000\040\000C\000o\000m\000p\000a\000c\000t\000i\000f\000i\000c\000a\000t\000i\000o\000n\000s}{appendix.E}% 92
\BOOKMARK [2][-]{subsection.E.2}{\376\377\000W\000a\000v\000e\000\040\000F\000u\000n\000c\000t\000i\000o\000n\000s\000\040\000a\000s\000\040\000M\000o\000d\000u\000l\000a\000r\000\040\000F\000o\000r\000m\000s}{appendix.E}% 93
\BOOKMARK [2][-]{subsection.E.3}{\376\377\000D\000e\000t\000e\000r\000m\000i\000n\000i\000n\000g\000\040\000M\000o\000d\000u\000l\000a\000r\000\040\000F\000o\000r\000m\000\040\000C\000o\000e\000f\000f\000i\000c\000i\000e\000n\000t\000s}{appendix.E}% 94
\BOOKMARK [2][-]{subsection.E.4}{\376\377\000Y\000u\000k\000a\000w\000a\000\040\000C\000o\000u\000p\000l\000i\000n\000g\000s\000\040\000f\000r\000o\000m\000\040\000M\000o\000d\000u\000l\000a\000r\000\040\000F\000o\000r\000m\000s}{appendix.E}% 95
\BOOKMARK [2][-]{subsection.E.5}{\376\377\000C\000o\000n\000n\000e\000c\000t\000i\000o\000n\000\040\000t\000o\000\040\000M\000o\000d\000u\000l\000a\000r\000\040\000F\000l\000a\000v\000o\000r\000\040\000S\000y\000m\000m\000e\000t\000r\000i\000e\000s}{appendix.E}% 96
\BOOKMARK [2][-]{subsection.E.6}{\376\377\000G\000e\000n\000e\000r\000a\000l\000i\000z\000a\000t\000i\000o\000n\000\040\000t\000o\000\040\000C\000o\000m\000p\000l\000e\000x\000\040\000S\000t\000r\000u\000c\000t\000u\000r\000e\000\040\000M\000o\000d\000u\000l\000i\000\040\000,\000\040\000U\000i}{appendix.E}% 97
\BOOKMARK [2][-]{subsection.E.7}{\376\377\000S\000u\000m\000m\000a\000r\000y\000\040\000o\000f\000\040\000M\000o\000d\000u\000l\000a\000r\000\040\000A\000n\000a\000l\000y\000s\000i\000s}{appendix.E}% 98
\BOOKMARK [1][-]{appendix.F}{\376\377\000N\000u\000m\000e\000r\000i\000c\000a\000l\000\040\000M\000e\000t\000h\000o\000d\000s\000\040\000a\000n\000d\000\040\000C\000o\000m\000p\000u\000t\000a\000t\000i\000o\000n\000a\000l\000\040\000I\000m\000p\000l\000e\000m\000e\000n\000t\000a\000t\000i\000o\000n}{}% 99
\BOOKMARK [2][-]{subsection.F.1}{\376\377\000D\000i\000s\000c\000r\000e\000t\000i\000z\000a\000t\000i\000o\000n\000\040\000o\000f\000\040\000t\000h\000e\000\040\000F\000o\000u\000r\000-\000C\000y\000c\000l\000e\000\040\0004}{appendix.F}% 100
\BOOKMARK [2][-]{subsection.F.2}{\376\377\000S\000o\000l\000v\000i\000n\000g\000\040\000t\000h\000e\000\040\000L\000a\000p\000l\000a\000c\000e\000\040\000E\000q\000u\000a\000t\000i\000o\000n\000\040\000f\000o\000r\000\040\000W\000a\000v\000e\000\040\000F\000u\000n\000c\000t\000i\000o\000n\000s}{appendix.F}% 101
\BOOKMARK [2][-]{subsection.F.3}{\376\377\000C\000o\000m\000p\000u\000t\000i\000n\000g\000\040\000Y\000u\000k\000a\000w\000a\000\040\000O\000v\000e\000r\000l\000a\000p\000\040\000I\000n\000t\000e\000g\000r\000a\000l\000s}{appendix.F}% 102
\BOOKMARK [2][-]{subsection.F.4}{\376\377\000M\000o\000d\000u\000l\000i\000\040\000O\000p\000t\000i\000m\000i\000z\000a\000t\000i\000o\000n\000\040\000a\000n\000d\000\040\000F\000i\000t\000t\000i\000n\000g\000\040\000P\000r\000o\000c\000e\000d\000u\000r\000e}{appendix.F}% 103
\BOOKMARK [2][-]{subsection.F.5}{\376\377\000P\000a\000r\000a\000l\000l\000e\000l\000i\000z\000a\000t\000i\000o\000n\000\040\000a\000n\000d\000\040\000P\000e\000r\000f\000o\000r\000m\000a\000n\000c\000e}{appendix.F}% 104
\BOOKMARK [2][-]{subsection.F.6}{\376\377\000C\000o\000d\000e\000\040\000A\000v\000a\000i\000l\000a\000b\000i\000l\000i\000t\000y\000\040\000a\000n\000d\000\040\000R\000e\000p\000r\000o\000d\000u\000c\000i\000b\000i\000l\000i\000t\000y}{appendix.F}% 105
\BOOKMARK [2][-]{subsection.F.7}{\376\377\000V\000a\000l\000i\000d\000a\000t\000i\000o\000n\000\040\000a\000n\000d\000\040\000C\000r\000o\000s\000s\000-\000C\000h\000e\000c\000k\000s}{appendix.F}% 106
\BOOKMARK [2][-]{subsection.F.8}{\376\377\000S\000u\000m\000m\000a\000r\000y\000\040\000o\000f\000\040\000N\000u\000m\000e\000r\000i\000c\000a\000l\000\040\000M\000e\000t\000h\000o\000d\000s}{appendix.F}% 107
